<?xml version="1.0" encoding="UTF-8"?>
<!-- Generated by org.testng.reporters.JUnitReportReporter -->
<testsuite hostname="DESKTOP-5CPAH1B" failures="0" tests="1" name="nemishSelenium.Methods" time="6.768" errors="0" timestamp="2022-08-20T17:26:11 CDT" skipped="0">
  <testcase classname="nemishSelenium.Methods" name="f" time="6.768"/>
  <system-out/>
</testsuite> <!-- nemishSelenium.Methods -->
