<?xml version="1.0" encoding="UTF-8"?>
<!-- Generated by org.testng.reporters.JUnitReportReporter -->
<testsuite hostname="DESKTOP-5CPAH1B" failures="0" tests="1" name="nemishSelenium.Dropdown" time="10.147" errors="0" timestamp="2022-08-21T10:38:25 CDT" skipped="0">
  <testcase classname="nemishSelenium.Dropdown" name="f" time="10.147"/>
  <system-out/>
</testsuite> <!-- nemishSelenium.Dropdown -->
