<?xml version="1.0" encoding="UTF-8"?>
<!-- Generated by org.testng.reporters.JUnitReportReporter -->
<testsuite hostname="DESKTOP-5CPAH1B" failures="0" tests="1" name="nemishSelenium.NavigationalMethods" time="23.786" errors="0" timestamp="2022-08-20T17:33:29 CDT" skipped="0">
  <testcase classname="nemishSelenium.NavigationalMethods" name="f" time="23.786"/>
  <system-out/>
</testsuite> <!-- nemishSelenium.NavigationalMethods -->
