<?xml version="1.0" encoding="UTF-8"?>
<!-- Generated by org.testng.reporters.JUnitReportReporter -->
<testsuite hostname="DESKTOP-5CPAH1B" failures="0" tests="9" name="jri.TS_001_CreateNewAccount" time="15.201" errors="0" timestamp="2022-08-16T20:33:25 CDT" skipped="0">
  <testcase classname="jri.TS_001_CreateNewAccount" name="TC_002" time="2.488"/>
  <system-out/>
  <testcase classname="jri.TS_001_CreateNewAccount" name="TC_009" time="0.001"/>
  <system-out/>
  <testcase classname="jri.TS_001_CreateNewAccount" name="TC_001" time="12.285"/>
  <system-out/>
  <testcase classname="jri.TS_001_CreateNewAccount" name="TC_004" time="0.254"/>
  <system-out/>
  <testcase classname="jri.TS_001_CreateNewAccount" name="TC_003" time="0.167"/>
  <system-out/>
  <testcase classname="jri.TS_001_CreateNewAccount" name="TC_008" time="0.001"/>
  <system-out/>
  <testcase classname="jri.TS_001_CreateNewAccount" name="TC_005" time="0.001"/>
  <system-out/>
  <testcase classname="jri.TS_001_CreateNewAccount" name="TC_006" time="0.002"/>
  <system-out/>
  <testcase classname="jri.TS_001_CreateNewAccount" name="TC_007" time="0.002"/>
  <system-out/>
</testsuite> <!-- jri.TS_001_CreateNewAccount -->
