<?xml version="1.0" encoding="UTF-8"?>
<!-- Generated by org.testng.reporters.JUnitReportReporter -->
<testsuite hostname="DESKTOP-5CPAH1B" failures="0" tests="1" name="nemishSelenium.GetTextVsGetAttribute" time="10.883" errors="0" timestamp="2022-08-20T17:40:41 CDT" skipped="0">
  <testcase classname="nemishSelenium.GetTextVsGetAttribute" name="f" time="10.883"/>
  <system-out/>
</testsuite> <!-- nemishSelenium.GetTextVsGetAttribute -->
