<?xml version="1.0" encoding="UTF-8"?>
<!-- Generated by org.testng.reporters.JUnitReportReporter -->
<testsuite hostname="DESKTOP-5CPAH1B" failures="0" tests="1" name="testNG.FBlogin" time="8.716" errors="0" timestamp="2022-08-16T19:53:12 CDT" skipped="0">
  <testcase classname="testNG.FBlogin" name="f" time="8.716"/>
  <system-out/>
</testsuite> <!-- testNG.FBlogin -->
