<?xml version="1.0" encoding="UTF-8"?>
<!-- Generated by org.testng.reporters.JUnitReportReporter -->
<testsuite hostname="DESKTOP-5CPAH1B" failures="0" tests="1" name="testNG.AlertHandling" time="26.172" errors="0" timestamp="2022-08-16T19:57:42 CDT" skipped="0">
  <testcase classname="testNG.AlertHandling" name="f" time="26.172"/>
  <system-out/>
</testsuite> <!-- testNG.AlertHandling -->
