<?xml version="1.0" encoding="UTF-8"?>
<!-- Generated by org.testng.reporters.JUnitReportReporter -->
<testsuite hostname="DESKTOP-5CPAH1B" failures="0" tests="5" name="testNG.Sample1" time="0.044" errors="0" timestamp="2022-08-16T20:06:46 CDT" skipped="0">
  <testcase classname="testNG.Sample1" name="u" time="0.007"/>
  <system-out/>
  <testcase classname="testNG.Sample1" name="d" time="0.003"/>
  <system-out/>
  <testcase classname="testNG.Sample1" name="c" time="0.003"/>
  <system-out/>
  <testcase classname="testNG.Sample1" name="a" time="0.028"/>
  <system-out/>
  <testcase classname="testNG.Sample1" name="b" time="0.003"/>
  <system-out/>
</testsuite> <!-- testNG.Sample1 -->
